a:\vr_mode\vr-desktop-mirror-master\desktopcapture\x64\debug\vc140.pdb
a:\vr_mode\vr-desktop-mirror-master\desktopcapture\x64\debug\vc140.idb
a:\vr_mode\vr-desktop-mirror-master\desktopcapture\x64\debug\main.obj
a:\vr_mode\myvreditor\desktopcapturedll\x64\debug\vc140.pdb
a:\vr_mode\myvreditor\desktopcapturedll\x64\debug\vc140.idb
a:\vr_mode\myvreditor\desktopcapturedll\x64\debug\main.obj
a:\vr_mode\vr-desktop-mirror-master\desktopcapture\x64\debug\desktopcapture.lib
a:\vr_mode\vr-desktop-mirror-master\desktopcapture\x64\debug\desktopcapture.exp
a:\vr_mode\myvreditor\desktopcapturedll\x64\debug\assembly-csharp-editor.dll
a:\vr_mode\myvreditor\desktopcapturedll\x64\debug\assembly-csharp.dll
a:\vr_mode\myvreditor\desktopcapturedll\x64\debug\assembly-csharp.pdb
a:\vr_mode\myvreditor\desktopcapturedll\x64\debug\assembly-csharp-editor.pdb
a:\vr_mode\myvreditor\desktopcapturedll\x64\debug\desktopcapture.lib
a:\vr_mode\myvreditor\desktopcapturedll\x64\debug\desktopcapture.exp
a:\vr_mode\vr-desktop-mirror-master\desktopcapture\x64\debug\desktopcapture.ilk
a:\vr_mode\vr-desktop-mirror-master\desktopcapture\x64\debug\desktopcapture.dll
a:\vr_mode\vr-desktop-mirror-master\desktopcapture\x64\debug\desktopcapture.pdb
a:\vr_mode\myvreditor\desktopcapturedll\x64\debug\desktopcapture.ilk
a:\vr_mode\myvreditor\desktopcapturedll\x64\debug\desktopcapture.dll
a:\vr_mode\myvreditor\desktopcapturedll\x64\debug\desktopcapture.pdb
a:\vr_mode\myvreditor\desktopcapturedll\x64\debug\desktopcapture.vcxprojresolveassemblyreference.cache
a:\vr_mode\myvreditor\desktopcapturedll\.\x64\debug\desktopcapture.dll
a:\vr_mode\myvreditor\desktopcapturedll\x64\debug\desktopcapture.tlog\cl.command.1.tlog
a:\vr_mode\myvreditor\desktopcapturedll\x64\debug\desktopcapture.tlog\cl.read.1.tlog
a:\vr_mode\myvreditor\desktopcapturedll\x64\debug\desktopcapture.tlog\cl.write.1.tlog
a:\vr_mode\myvreditor\desktopcapturedll\x64\debug\desktopcapture.tlog\desktopcapture.write.1u.tlog
a:\vr_mode\myvreditor\desktopcapturedll\x64\debug\desktopcapture.tlog\link.command.1.tlog
a:\vr_mode\myvreditor\desktopcapturedll\x64\debug\desktopcapture.tlog\link.read.1.tlog
a:\vr_mode\myvreditor\desktopcapturedll\x64\debug\desktopcapture.tlog\link.write.1.tlog
